Determining if the pthread_create exist failed with the following output:
Change Dir: /home/deepan/PycharmProjects/SDP/generate_pcd/CMakeFiles/CMakeTmp

Run Build Command:"/usr/bin/make" "cmTC_e5e73/fast"
/usr/bin/make -f CMakeFiles/cmTC_e5e73.dir/build.make CMakeFiles/cmTC_e5e73.dir/build
make[1]: Entering directory '/home/deepan/PycharmProjects/SDP/generate_pcd/CMakeFiles/CMakeTmp'
Building C object CMakeFiles/cmTC_e5e73.dir/CheckSymbolExists.c.o
/usr/bin/cc    -o CMakeFiles/cmTC_e5e73.dir/CheckSymbolExists.c.o   -c /home/deepan/PycharmProjects/SDP/generate_pcd/CMakeFiles/CMakeTmp/CheckSymbolExists.c
Linking C executable cmTC_e5e73
/home/deepan/anaconda3/lib/python2.7/site-packages/cmake/data/bin/cmake -E cmake_link_script CMakeFiles/cmTC_e5e73.dir/link.txt --verbose=1
/usr/bin/cc      -rdynamic CMakeFiles/cmTC_e5e73.dir/CheckSymbolExists.c.o  -o cmTC_e5e73 
CMakeFiles/cmTC_e5e73.dir/CheckSymbolExists.c.o: In function `main':
CheckSymbolExists.c:(.text+0x1b): undefined reference to `pthread_create'
collect2: error: ld returned 1 exit status
CMakeFiles/cmTC_e5e73.dir/build.make:86: recipe for target 'cmTC_e5e73' failed
make[1]: *** [cmTC_e5e73] Error 1
make[1]: Leaving directory '/home/deepan/PycharmProjects/SDP/generate_pcd/CMakeFiles/CMakeTmp'
Makefile:121: recipe for target 'cmTC_e5e73/fast' failed
make: *** [cmTC_e5e73/fast] Error 2

File /home/deepan/PycharmProjects/SDP/generate_pcd/CMakeFiles/CMakeTmp/CheckSymbolExists.c:
/* */
#include <pthread.h>

int main(int argc, char** argv)
{
  (void)argv;
#ifndef pthread_create
  return ((int*)(&pthread_create))[argc];
#else
  (void)argc;
  return 0;
#endif
}

Determining if the function pthread_create exists in the pthreads failed with the following output:
Change Dir: /home/deepan/PycharmProjects/SDP/generate_pcd/CMakeFiles/CMakeTmp

Run Build Command:"/usr/bin/make" "cmTC_509ed/fast"
/usr/bin/make -f CMakeFiles/cmTC_509ed.dir/build.make CMakeFiles/cmTC_509ed.dir/build
make[1]: Entering directory '/home/deepan/PycharmProjects/SDP/generate_pcd/CMakeFiles/CMakeTmp'
Building C object CMakeFiles/cmTC_509ed.dir/CheckFunctionExists.c.o
/usr/bin/cc   -DCHECK_FUNCTION_EXISTS=pthread_create   -o CMakeFiles/cmTC_509ed.dir/CheckFunctionExists.c.o   -c /home/deepan/anaconda3/lib/python2.7/site-packages/cmake/data/share/cmake-3.13/Modules/CheckFunctionExists.c
Linking C executable cmTC_509ed
/home/deepan/anaconda3/lib/python2.7/site-packages/cmake/data/bin/cmake -E cmake_link_script CMakeFiles/cmTC_509ed.dir/link.txt --verbose=1
/usr/bin/cc  -DCHECK_FUNCTION_EXISTS=pthread_create    -rdynamic CMakeFiles/cmTC_509ed.dir/CheckFunctionExists.c.o  -o cmTC_509ed -lpthreads 
/usr/bin/ld: cannot find -lpthreads
collect2: error: ld returned 1 exit status
CMakeFiles/cmTC_509ed.dir/build.make:86: recipe for target 'cmTC_509ed' failed
make[1]: *** [cmTC_509ed] Error 1
make[1]: Leaving directory '/home/deepan/PycharmProjects/SDP/generate_pcd/CMakeFiles/CMakeTmp'
Makefile:121: recipe for target 'cmTC_509ed/fast' failed
make: *** [cmTC_509ed/fast] Error 2


