Determining if the pthread_create exist failed with the following output:
Change Dir: /home/deepan/PycharmProjects/SDP/bounding_box/CMakeFiles/CMakeTmp

Run Build Command:"/usr/bin/make" "cmTC_1e6df/fast"
/usr/bin/make -f CMakeFiles/cmTC_1e6df.dir/build.make CMakeFiles/cmTC_1e6df.dir/build
make[1]: Entering directory '/home/deepan/PycharmProjects/SDP/bounding_box/CMakeFiles/CMakeTmp'
Building C object CMakeFiles/cmTC_1e6df.dir/CheckSymbolExists.c.o
/usr/bin/cc    -o CMakeFiles/cmTC_1e6df.dir/CheckSymbolExists.c.o   -c /home/deepan/PycharmProjects/SDP/bounding_box/CMakeFiles/CMakeTmp/CheckSymbolExists.c
Linking C executable cmTC_1e6df
/home/deepan/anaconda3/lib/python2.7/site-packages/cmake/data/bin/cmake -E cmake_link_script CMakeFiles/cmTC_1e6df.dir/link.txt --verbose=1
/usr/bin/cc      -rdynamic CMakeFiles/cmTC_1e6df.dir/CheckSymbolExists.c.o  -o cmTC_1e6df 
CMakeFiles/cmTC_1e6df.dir/CheckSymbolExists.c.o: In function `main':
CheckSymbolExists.c:(.text+0x1b): undefined reference to `pthread_create'
collect2: error: ld returned 1 exit status
CMakeFiles/cmTC_1e6df.dir/build.make:86: recipe for target 'cmTC_1e6df' failed
make[1]: *** [cmTC_1e6df] Error 1
make[1]: Leaving directory '/home/deepan/PycharmProjects/SDP/bounding_box/CMakeFiles/CMakeTmp'
Makefile:121: recipe for target 'cmTC_1e6df/fast' failed
make: *** [cmTC_1e6df/fast] Error 2

File /home/deepan/PycharmProjects/SDP/bounding_box/CMakeFiles/CMakeTmp/CheckSymbolExists.c:
/* */
#include <pthread.h>

int main(int argc, char** argv)
{
  (void)argv;
#ifndef pthread_create
  return ((int*)(&pthread_create))[argc];
#else
  (void)argc;
  return 0;
#endif
}

Determining if the function pthread_create exists in the pthreads failed with the following output:
Change Dir: /home/deepan/PycharmProjects/SDP/bounding_box/CMakeFiles/CMakeTmp

Run Build Command:"/usr/bin/make" "cmTC_46f8c/fast"
/usr/bin/make -f CMakeFiles/cmTC_46f8c.dir/build.make CMakeFiles/cmTC_46f8c.dir/build
make[1]: Entering directory '/home/deepan/PycharmProjects/SDP/bounding_box/CMakeFiles/CMakeTmp'
Building C object CMakeFiles/cmTC_46f8c.dir/CheckFunctionExists.c.o
/usr/bin/cc   -DCHECK_FUNCTION_EXISTS=pthread_create   -o CMakeFiles/cmTC_46f8c.dir/CheckFunctionExists.c.o   -c /home/deepan/anaconda3/lib/python2.7/site-packages/cmake/data/share/cmake-3.13/Modules/CheckFunctionExists.c
Linking C executable cmTC_46f8c
/home/deepan/anaconda3/lib/python2.7/site-packages/cmake/data/bin/cmake -E cmake_link_script CMakeFiles/cmTC_46f8c.dir/link.txt --verbose=1
/usr/bin/cc  -DCHECK_FUNCTION_EXISTS=pthread_create    -rdynamic CMakeFiles/cmTC_46f8c.dir/CheckFunctionExists.c.o  -o cmTC_46f8c -lpthreads 
/usr/bin/ld: cannot find -lpthreads
collect2: error: ld returned 1 exit status
CMakeFiles/cmTC_46f8c.dir/build.make:86: recipe for target 'cmTC_46f8c' failed
make[1]: *** [cmTC_46f8c] Error 1
make[1]: Leaving directory '/home/deepan/PycharmProjects/SDP/bounding_box/CMakeFiles/CMakeTmp'
Makefile:121: recipe for target 'cmTC_46f8c/fast' failed
make: *** [cmTC_46f8c/fast] Error 2


