Determining if the pthread_create exist failed with the following output:
Change Dir: /home/deepan/PycharmProjects/SDP/convex_hull/CMakeFiles/CMakeTmp

Run Build Command:"/usr/bin/make" "cmTC_9b7d6/fast"
/usr/bin/make -f CMakeFiles/cmTC_9b7d6.dir/build.make CMakeFiles/cmTC_9b7d6.dir/build
make[1]: Entering directory '/home/deepan/PycharmProjects/SDP/convex_hull/CMakeFiles/CMakeTmp'
Building C object CMakeFiles/cmTC_9b7d6.dir/CheckSymbolExists.c.o
/usr/bin/cc    -o CMakeFiles/cmTC_9b7d6.dir/CheckSymbolExists.c.o   -c /home/deepan/PycharmProjects/SDP/convex_hull/CMakeFiles/CMakeTmp/CheckSymbolExists.c
Linking C executable cmTC_9b7d6
/home/deepan/anaconda3/lib/python2.7/site-packages/cmake/data/bin/cmake -E cmake_link_script CMakeFiles/cmTC_9b7d6.dir/link.txt --verbose=1
/usr/bin/cc      -rdynamic CMakeFiles/cmTC_9b7d6.dir/CheckSymbolExists.c.o  -o cmTC_9b7d6 
CMakeFiles/cmTC_9b7d6.dir/CheckSymbolExists.c.o: In function `main':
CheckSymbolExists.c:(.text+0x1b): undefined reference to `pthread_create'
collect2: error: ld returned 1 exit status
CMakeFiles/cmTC_9b7d6.dir/build.make:86: recipe for target 'cmTC_9b7d6' failed
make[1]: *** [cmTC_9b7d6] Error 1
make[1]: Leaving directory '/home/deepan/PycharmProjects/SDP/convex_hull/CMakeFiles/CMakeTmp'
Makefile:121: recipe for target 'cmTC_9b7d6/fast' failed
make: *** [cmTC_9b7d6/fast] Error 2

File /home/deepan/PycharmProjects/SDP/convex_hull/CMakeFiles/CMakeTmp/CheckSymbolExists.c:
/* */
#include <pthread.h>

int main(int argc, char** argv)
{
  (void)argv;
#ifndef pthread_create
  return ((int*)(&pthread_create))[argc];
#else
  (void)argc;
  return 0;
#endif
}

Determining if the function pthread_create exists in the pthreads failed with the following output:
Change Dir: /home/deepan/PycharmProjects/SDP/convex_hull/CMakeFiles/CMakeTmp

Run Build Command:"/usr/bin/make" "cmTC_38d1b/fast"
/usr/bin/make -f CMakeFiles/cmTC_38d1b.dir/build.make CMakeFiles/cmTC_38d1b.dir/build
make[1]: Entering directory '/home/deepan/PycharmProjects/SDP/convex_hull/CMakeFiles/CMakeTmp'
Building C object CMakeFiles/cmTC_38d1b.dir/CheckFunctionExists.c.o
/usr/bin/cc   -DCHECK_FUNCTION_EXISTS=pthread_create   -o CMakeFiles/cmTC_38d1b.dir/CheckFunctionExists.c.o   -c /home/deepan/anaconda3/lib/python2.7/site-packages/cmake/data/share/cmake-3.13/Modules/CheckFunctionExists.c
Linking C executable cmTC_38d1b
/home/deepan/anaconda3/lib/python2.7/site-packages/cmake/data/bin/cmake -E cmake_link_script CMakeFiles/cmTC_38d1b.dir/link.txt --verbose=1
/usr/bin/cc  -DCHECK_FUNCTION_EXISTS=pthread_create    -rdynamic CMakeFiles/cmTC_38d1b.dir/CheckFunctionExists.c.o  -o cmTC_38d1b -lpthreads 
/usr/bin/ld: cannot find -lpthreads
collect2: error: ld returned 1 exit status
CMakeFiles/cmTC_38d1b.dir/build.make:86: recipe for target 'cmTC_38d1b' failed
make[1]: *** [cmTC_38d1b] Error 1
make[1]: Leaving directory '/home/deepan/PycharmProjects/SDP/convex_hull/CMakeFiles/CMakeTmp'
Makefile:121: recipe for target 'cmTC_38d1b/fast' failed
make: *** [cmTC_38d1b/fast] Error 2


