Determining if the pthread_create exist failed with the following output:
Change Dir: /home/deepan/PycharmProjects/SDP/transformation/CMakeFiles/CMakeTmp

Run Build Command:"/usr/bin/make" "cmTC_f13d9/fast"
/usr/bin/make -f CMakeFiles/cmTC_f13d9.dir/build.make CMakeFiles/cmTC_f13d9.dir/build
make[1]: Entering directory '/home/deepan/PycharmProjects/SDP/transformation/CMakeFiles/CMakeTmp'
Building C object CMakeFiles/cmTC_f13d9.dir/CheckSymbolExists.c.o
/usr/bin/cc    -o CMakeFiles/cmTC_f13d9.dir/CheckSymbolExists.c.o   -c /home/deepan/PycharmProjects/SDP/transformation/CMakeFiles/CMakeTmp/CheckSymbolExists.c
Linking C executable cmTC_f13d9
/home/deepan/anaconda3/lib/python2.7/site-packages/cmake/data/bin/cmake -E cmake_link_script CMakeFiles/cmTC_f13d9.dir/link.txt --verbose=1
/usr/bin/cc      -rdynamic CMakeFiles/cmTC_f13d9.dir/CheckSymbolExists.c.o  -o cmTC_f13d9 
CMakeFiles/cmTC_f13d9.dir/CheckSymbolExists.c.o: In function `main':
CheckSymbolExists.c:(.text+0x1b): undefined reference to `pthread_create'
collect2: error: ld returned 1 exit status
CMakeFiles/cmTC_f13d9.dir/build.make:86: recipe for target 'cmTC_f13d9' failed
make[1]: *** [cmTC_f13d9] Error 1
make[1]: Leaving directory '/home/deepan/PycharmProjects/SDP/transformation/CMakeFiles/CMakeTmp'
Makefile:121: recipe for target 'cmTC_f13d9/fast' failed
make: *** [cmTC_f13d9/fast] Error 2

File /home/deepan/PycharmProjects/SDP/transformation/CMakeFiles/CMakeTmp/CheckSymbolExists.c:
/* */
#include <pthread.h>

int main(int argc, char** argv)
{
  (void)argv;
#ifndef pthread_create
  return ((int*)(&pthread_create))[argc];
#else
  (void)argc;
  return 0;
#endif
}

Determining if the function pthread_create exists in the pthreads failed with the following output:
Change Dir: /home/deepan/PycharmProjects/SDP/transformation/CMakeFiles/CMakeTmp

Run Build Command:"/usr/bin/make" "cmTC_6bae2/fast"
/usr/bin/make -f CMakeFiles/cmTC_6bae2.dir/build.make CMakeFiles/cmTC_6bae2.dir/build
make[1]: Entering directory '/home/deepan/PycharmProjects/SDP/transformation/CMakeFiles/CMakeTmp'
Building C object CMakeFiles/cmTC_6bae2.dir/CheckFunctionExists.c.o
/usr/bin/cc   -DCHECK_FUNCTION_EXISTS=pthread_create   -o CMakeFiles/cmTC_6bae2.dir/CheckFunctionExists.c.o   -c /home/deepan/anaconda3/lib/python2.7/site-packages/cmake/data/share/cmake-3.13/Modules/CheckFunctionExists.c
Linking C executable cmTC_6bae2
/home/deepan/anaconda3/lib/python2.7/site-packages/cmake/data/bin/cmake -E cmake_link_script CMakeFiles/cmTC_6bae2.dir/link.txt --verbose=1
/usr/bin/cc  -DCHECK_FUNCTION_EXISTS=pthread_create    -rdynamic CMakeFiles/cmTC_6bae2.dir/CheckFunctionExists.c.o  -o cmTC_6bae2 -lpthreads 
/usr/bin/ld: cannot find -lpthreads
collect2: error: ld returned 1 exit status
CMakeFiles/cmTC_6bae2.dir/build.make:86: recipe for target 'cmTC_6bae2' failed
make[1]: *** [cmTC_6bae2] Error 1
make[1]: Leaving directory '/home/deepan/PycharmProjects/SDP/transformation/CMakeFiles/CMakeTmp'
Makefile:121: recipe for target 'cmTC_6bae2/fast' failed
make: *** [cmTC_6bae2/fast] Error 2


